{"/home/runner/Backend/app/config/db.config.js": {"path":"/home/runner/Backend/app/config/db.config.js","statementMap":{"0":{"start":{"line":1,"column":0},"end":{"line":14,"column":2}}},"fnMap":{},"branchMap":{},"s":{"0":1},"f":{},"b":{},"_coverageSchema":"1a1c01bbd47fc00a2c39e90264f33305004495a9","hash":"38da70e9d6b4840093e30471eebf45e47aa7ac3b"}
,"/home/runner/Backend/app/controllers/calculator.js": {"path":"/home/runner/Backend/app/controllers/calculator.js","statementMap":{"0":{"start":{"line":1,"column":12},"end":{"line":3,"column":1}},"1":{"start":{"line":2,"column":4},"end":{"line":2,"column":17}},"2":{"start":{"line":5,"column":17},"end":{"line":7,"column":1}},"3":{"start":{"line":6,"column":4},"end":{"line":6,"column":17}},"4":{"start":{"line":9,"column":17},"end":{"line":11,"column":1}},"5":{"start":{"line":10,"column":4},"end":{"line":10,"column":17}},"6":{"start":{"line":13,"column":0},"end":{"line":17,"column":1}}},"fnMap":{"0":{"name":"(anonymous_0)","decl":{"start":{"line":1,"column":12},"end":{"line":1,"column":13}},"loc":{"start":{"line":1,"column":22},"end":{"line":3,"column":1}},"line":1},"1":{"name":"(anonymous_1)","decl":{"start":{"line":5,"column":17},"end":{"line":5,"column":18}},"loc":{"start":{"line":5,"column":27},"end":{"line":7,"column":1}},"line":5},"2":{"name":"(anonymous_2)","decl":{"start":{"line":9,"column":17},"end":{"line":9,"column":18}},"loc":{"start":{"line":9,"column":27},"end":{"line":11,"column":1}},"line":9}},"branchMap":{},"s":{"0":1,"1":2,"2":1,"3":2,"4":1,"5":2,"6":1},"f":{"0":2,"1":2,"2":2},"b":{},"_coverageSchema":"1a1c01bbd47fc00a2c39e90264f33305004495a9","hash":"ce55df3f4b23d2fd2e778a9b330a3b45bce5adb6"}
,"/home/runner/Backend/app/controllers/cat.controller.js": {"path":"/home/runner/Backend/app/controllers/cat.controller.js","statementMap":{"0":{"start":{"line":1,"column":11},"end":{"line":1,"column":31}},"1":{"start":{"line":2,"column":12},"end":{"line":2,"column":19}},"2":{"start":{"line":3,"column":11},"end":{"line":3,"column":26}},"3":{"start":{"line":6,"column":0},"end":{"line":42,"column":2}},"4":{"start":{"line":8,"column":2},"end":{"line":13,"column":3}},"5":{"start":{"line":9,"column":4},"end":{"line":11,"column":6}},"6":{"start":{"line":12,"column":4},"end":{"line":12,"column":11}},"7":{"start":{"line":16,"column":14},"end":{"line":29,"column":3}},"8":{"start":{"line":30,"column":2},"end":{"line":30,"column":18}},"9":{"start":{"line":32,"column":2},"end":{"line":41,"column":7}},"10":{"start":{"line":34,"column":6},"end":{"line":34,"column":21}},"11":{"start":{"line":37,"column":6},"end":{"line":40,"column":9}},"12":{"start":{"line":45,"column":0},"end":{"line":58,"column":2}},"13":{"start":{"line":46,"column":15},"end":{"line":46,"column":29}},"14":{"start":{"line":47,"column":18},"end":{"line":47,"column":69}},"15":{"start":{"line":48,"column":2},"end":{"line":57,"column":7}},"16":{"start":{"line":50,"column":6},"end":{"line":50,"column":21}},"17":{"start":{"line":53,"column":6},"end":{"line":56,"column":9}},"18":{"start":{"line":61,"column":0},"end":{"line":72,"column":2}},"19":{"start":{"line":62,"column":13},"end":{"line":62,"column":26}},"20":{"start":{"line":63,"column":1},"end":{"line":71,"column":7}},"21":{"start":{"line":65,"column":6},"end":{"line":65,"column":21}},"22":{"start":{"line":68,"column":6},"end":{"line":70,"column":9}},"23":{"start":{"line":75,"column":0},"end":{"line":97,"column":2}},"24":{"start":{"line":76,"column":13},"end":{"line":76,"column":26}},"25":{"start":{"line":78,"column":2},"end":{"line":96,"column":7}},"26":{"start":{"line":82,"column":6},"end":{"line":90,"column":7}},"27":{"start":{"line":83,"column":8},"end":{"line":85,"column":11}},"28":{"start":{"line":87,"column":8},"end":{"line":89,"column":11}},"29":{"start":{"line":93,"column":6},"end":{"line":95,"column":9}},"30":{"start":{"line":100,"column":0},"end":{"line":122,"column":2}},"31":{"start":{"line":101,"column":13},"end":{"line":101,"column":26}},"32":{"start":{"line":103,"column":2},"end":{"line":121,"column":7}},"33":{"start":{"line":107,"column":6},"end":{"line":115,"column":7}},"34":{"start":{"line":108,"column":8},"end":{"line":110,"column":11}},"35":{"start":{"line":112,"column":8},"end":{"line":114,"column":11}},"36":{"start":{"line":118,"column":6},"end":{"line":120,"column":9}},"37":{"start":{"line":125,"column":0},"end":{"line":139,"column":2}},"38":{"start":{"line":126,"column":2},"end":{"line":138,"column":7}},"39":{"start":{"line":131,"column":6},"end":{"line":131,"column":71}},"40":{"start":{"line":134,"column":6},"end":{"line":137,"column":9}},"41":{"start":{"line":142,"column":0},"end":{"line":153,"column":2}},"42":{"start":{"line":143,"column":2},"end":{"line":152,"column":7}},"43":{"start":{"line":145,"column":6},"end":{"line":145,"column":21}},"44":{"start":{"line":148,"column":6},"end":{"line":151,"column":9}},"45":{"start":{"line":157,"column":0},"end":{"line":171,"column":2}},"46":{"start":{"line":158,"column":17},"end":{"line":158,"column":33}},"47":{"start":{"line":159,"column":18},"end":{"line":159,"column":75}},"48":{"start":{"line":161,"column":2},"end":{"line":170,"column":7}},"49":{"start":{"line":163,"column":6},"end":{"line":163,"column":21}},"50":{"start":{"line":166,"column":6},"end":{"line":169,"column":9}},"51":{"start":{"line":174,"column":0},"end":{"line":188,"column":2}},"52":{"start":{"line":175,"column":16},"end":{"line":175,"column":31}},"53":{"start":{"line":176,"column":18},"end":{"line":176,"column":72}},"54":{"start":{"line":177,"column":0},"end":{"line":177,"column":22}},"55":{"start":{"line":178,"column":2},"end":{"line":187,"column":7}},"56":{"start":{"line":180,"column":6},"end":{"line":180,"column":21}},"57":{"start":{"line":183,"column":6},"end":{"line":186,"column":9}},"58":{"start":{"line":191,"column":0},"end":{"line":206,"column":2}},"59":{"start":{"line":192,"column":20},"end":{"line":192,"column":39}},"60":{"start":{"line":193,"column":18},"end":{"line":193,"column":81}},"61":{"start":{"line":194,"column":0},"end":{"line":194,"column":22}},"62":{"start":{"line":195,"column":2},"end":{"line":204,"column":7}},"63":{"start":{"line":197,"column":6},"end":{"line":197,"column":21}},"64":{"start":{"line":200,"column":6},"end":{"line":203,"column":9}}},"fnMap":{"0":{"name":"(anonymous_0)","decl":{"start":{"line":6,"column":17},"end":{"line":6,"column":18}},"loc":{"start":{"line":6,"column":31},"end":{"line":42,"column":1}},"line":6},"1":{"name":"(anonymous_1)","decl":{"start":{"line":33,"column":10},"end":{"line":33,"column":11}},"loc":{"start":{"line":33,"column":18},"end":{"line":35,"column":5}},"line":33},"2":{"name":"(anonymous_2)","decl":{"start":{"line":36,"column":11},"end":{"line":36,"column":12}},"loc":{"start":{"line":36,"column":18},"end":{"line":41,"column":5}},"line":36},"3":{"name":"(anonymous_3)","decl":{"start":{"line":45,"column":18},"end":{"line":45,"column":19}},"loc":{"start":{"line":45,"column":32},"end":{"line":58,"column":1}},"line":45},"4":{"name":"(anonymous_4)","decl":{"start":{"line":49,"column":10},"end":{"line":49,"column":11}},"loc":{"start":{"line":49,"column":18},"end":{"line":51,"column":5}},"line":49},"5":{"name":"(anonymous_5)","decl":{"start":{"line":52,"column":11},"end":{"line":52,"column":12}},"loc":{"start":{"line":52,"column":18},"end":{"line":57,"column":5}},"line":52},"6":{"name":"(anonymous_6)","decl":{"start":{"line":61,"column":18},"end":{"line":61,"column":19}},"loc":{"start":{"line":61,"column":32},"end":{"line":72,"column":1}},"line":61},"7":{"name":"(anonymous_7)","decl":{"start":{"line":64,"column":10},"end":{"line":64,"column":11}},"loc":{"start":{"line":64,"column":18},"end":{"line":66,"column":5}},"line":64},"8":{"name":"(anonymous_8)","decl":{"start":{"line":67,"column":11},"end":{"line":67,"column":12}},"loc":{"start":{"line":67,"column":18},"end":{"line":71,"column":5}},"line":67},"9":{"name":"(anonymous_9)","decl":{"start":{"line":75,"column":17},"end":{"line":75,"column":18}},"loc":{"start":{"line":75,"column":31},"end":{"line":97,"column":1}},"line":75},"10":{"name":"(anonymous_10)","decl":{"start":{"line":81,"column":10},"end":{"line":81,"column":11}},"loc":{"start":{"line":81,"column":17},"end":{"line":91,"column":5}},"line":81},"11":{"name":"(anonymous_11)","decl":{"start":{"line":92,"column":11},"end":{"line":92,"column":12}},"loc":{"start":{"line":92,"column":18},"end":{"line":96,"column":5}},"line":92},"12":{"name":"(anonymous_12)","decl":{"start":{"line":100,"column":17},"end":{"line":100,"column":18}},"loc":{"start":{"line":100,"column":31},"end":{"line":122,"column":1}},"line":100},"13":{"name":"(anonymous_13)","decl":{"start":{"line":106,"column":10},"end":{"line":106,"column":11}},"loc":{"start":{"line":106,"column":17},"end":{"line":116,"column":5}},"line":106},"14":{"name":"(anonymous_14)","decl":{"start":{"line":117,"column":11},"end":{"line":117,"column":12}},"loc":{"start":{"line":117,"column":18},"end":{"line":121,"column":5}},"line":117},"15":{"name":"(anonymous_15)","decl":{"start":{"line":125,"column":20},"end":{"line":125,"column":21}},"loc":{"start":{"line":125,"column":34},"end":{"line":139,"column":1}},"line":125},"16":{"name":"(anonymous_16)","decl":{"start":{"line":130,"column":10},"end":{"line":130,"column":11}},"loc":{"start":{"line":130,"column":18},"end":{"line":132,"column":5}},"line":130},"17":{"name":"(anonymous_17)","decl":{"start":{"line":133,"column":11},"end":{"line":133,"column":12}},"loc":{"start":{"line":133,"column":18},"end":{"line":138,"column":5}},"line":133},"18":{"name":"(anonymous_18)","decl":{"start":{"line":142,"column":27},"end":{"line":142,"column":28}},"loc":{"start":{"line":142,"column":41},"end":{"line":153,"column":1}},"line":142},"19":{"name":"(anonymous_19)","decl":{"start":{"line":144,"column":10},"end":{"line":144,"column":11}},"loc":{"start":{"line":144,"column":18},"end":{"line":146,"column":5}},"line":144},"20":{"name":"(anonymous_20)","decl":{"start":{"line":147,"column":11},"end":{"line":147,"column":12}},"loc":{"start":{"line":147,"column":18},"end":{"line":152,"column":5}},"line":147},"21":{"name":"(anonymous_21)","decl":{"start":{"line":157,"column":21},"end":{"line":157,"column":22}},"loc":{"start":{"line":157,"column":35},"end":{"line":171,"column":1}},"line":157},"22":{"name":"(anonymous_22)","decl":{"start":{"line":162,"column":10},"end":{"line":162,"column":11}},"loc":{"start":{"line":162,"column":18},"end":{"line":164,"column":5}},"line":162},"23":{"name":"(anonymous_23)","decl":{"start":{"line":165,"column":11},"end":{"line":165,"column":12}},"loc":{"start":{"line":165,"column":18},"end":{"line":170,"column":5}},"line":165},"24":{"name":"(anonymous_24)","decl":{"start":{"line":174,"column":20},"end":{"line":174,"column":21}},"loc":{"start":{"line":174,"column":34},"end":{"line":188,"column":1}},"line":174},"25":{"name":"(anonymous_25)","decl":{"start":{"line":179,"column":10},"end":{"line":179,"column":11}},"loc":{"start":{"line":179,"column":18},"end":{"line":181,"column":5}},"line":179},"26":{"name":"(anonymous_26)","decl":{"start":{"line":182,"column":11},"end":{"line":182,"column":12}},"loc":{"start":{"line":182,"column":18},"end":{"line":187,"column":5}},"line":182},"27":{"name":"(anonymous_27)","decl":{"start":{"line":191,"column":24},"end":{"line":191,"column":25}},"loc":{"start":{"line":191,"column":38},"end":{"line":206,"column":1}},"line":191},"28":{"name":"(anonymous_28)","decl":{"start":{"line":196,"column":10},"end":{"line":196,"column":11}},"loc":{"start":{"line":196,"column":18},"end":{"line":198,"column":5}},"line":196},"29":{"name":"(anonymous_29)","decl":{"start":{"line":199,"column":11},"end":{"line":199,"column":12}},"loc":{"start":{"line":199,"column":18},"end":{"line":204,"column":5}},"line":199}},"branchMap":{"0":{"loc":{"start":{"line":8,"column":2},"end":{"line":13,"column":3}},"type":"if","locations":[{"start":{"line":8,"column":2},"end":{"line":13,"column":3}},{"start":{},"end":{}}],"line":8},"1":{"loc":{"start":{"line":18,"column":15},"end":{"line":18,"column":62}},"type":"cond-expr","locations":[{"start":{"line":18,"column":36},"end":{"line":18,"column":54}},{"start":{"line":18,"column":57},"end":{"line":18,"column":62}}],"line":18},"2":{"loc":{"start":{"line":39,"column":10},"end":{"line":39,"column":70}},"type":"binary-expr","locations":[{"start":{"line":39,"column":10},"end":{"line":39,"column":21}},{"start":{"line":39,"column":25},"end":{"line":39,"column":70}}],"line":39},"3":{"loc":{"start":{"line":47,"column":18},"end":{"line":47,"column":69}},"type":"cond-expr","locations":[{"start":{"line":47,"column":25},"end":{"line":47,"column":62}},{"start":{"line":47,"column":65},"end":{"line":47,"column":69}}],"line":47},"4":{"loc":{"start":{"line":55,"column":10},"end":{"line":55,"column":69}},"type":"binary-expr","locations":[{"start":{"line":55,"column":10},"end":{"line":55,"column":21}},{"start":{"line":55,"column":25},"end":{"line":55,"column":69}}],"line":55},"5":{"loc":{"start":{"line":82,"column":6},"end":{"line":90,"column":7}},"type":"if","locations":[{"start":{"line":82,"column":6},"end":{"line":90,"column":7}},{"start":{"line":86,"column":13},"end":{"line":90,"column":7}}],"line":82},"6":{"loc":{"start":{"line":107,"column":6},"end":{"line":115,"column":7}},"type":"if","locations":[{"start":{"line":107,"column":6},"end":{"line":115,"column":7}},{"start":{"line":111,"column":13},"end":{"line":115,"column":7}}],"line":107},"7":{"loc":{"start":{"line":136,"column":10},"end":{"line":136,"column":71}},"type":"binary-expr","locations":[{"start":{"line":136,"column":10},"end":{"line":136,"column":21}},{"start":{"line":136,"column":25},"end":{"line":136,"column":71}}],"line":136},"8":{"loc":{"start":{"line":150,"column":10},"end":{"line":150,"column":69}},"type":"binary-expr","locations":[{"start":{"line":150,"column":10},"end":{"line":150,"column":21}},{"start":{"line":150,"column":25},"end":{"line":150,"column":69}}],"line":150},"9":{"loc":{"start":{"line":159,"column":18},"end":{"line":159,"column":75}},"type":"cond-expr","locations":[{"start":{"line":159,"column":27},"end":{"line":159,"column":68}},{"start":{"line":159,"column":71},"end":{"line":159,"column":75}}],"line":159},"10":{"loc":{"start":{"line":168,"column":10},"end":{"line":168,"column":69}},"type":"binary-expr","locations":[{"start":{"line":168,"column":10},"end":{"line":168,"column":21}},{"start":{"line":168,"column":25},"end":{"line":168,"column":69}}],"line":168},"11":{"loc":{"start":{"line":176,"column":18},"end":{"line":176,"column":72}},"type":"cond-expr","locations":[{"start":{"line":176,"column":26},"end":{"line":176,"column":65}},{"start":{"line":176,"column":68},"end":{"line":176,"column":72}}],"line":176},"12":{"loc":{"start":{"line":185,"column":10},"end":{"line":185,"column":69}},"type":"binary-expr","locations":[{"start":{"line":185,"column":10},"end":{"line":185,"column":21}},{"start":{"line":185,"column":25},"end":{"line":185,"column":69}}],"line":185},"13":{"loc":{"start":{"line":193,"column":18},"end":{"line":193,"column":81}},"type":"cond-expr","locations":[{"start":{"line":193,"column":30},"end":{"line":193,"column":74}},{"start":{"line":193,"column":77},"end":{"line":193,"column":81}}],"line":193},"14":{"loc":{"start":{"line":202,"column":10},"end":{"line":202,"column":69}},"type":"binary-expr","locations":[{"start":{"line":202,"column":10},"end":{"line":202,"column":21}},{"start":{"line":202,"column":25},"end":{"line":202,"column":69}}],"line":202}},"s":{"0":1,"1":1,"2":1,"3":1,"4":0,"5":0,"6":0,"7":0,"8":0,"9":0,"10":0,"11":0,"12":1,"13":0,"14":0,"15":0,"16":0,"17":0,"18":1,"19":0,"20":0,"21":0,"22":0,"23":1,"24":0,"25":0,"26":0,"27":0,"28":0,"29":0,"30":1,"31":0,"32":0,"33":0,"34":0,"35":0,"36":0,"37":1,"38":0,"39":0,"40":0,"41":1,"42":0,"43":0,"44":0,"45":1,"46":0,"47":0,"48":0,"49":0,"50":0,"51":1,"52":0,"53":0,"54":0,"55":0,"56":0,"57":0,"58":1,"59":0,"60":0,"61":0,"62":0,"63":0,"64":0},"f":{"0":0,"1":0,"2":0,"3":0,"4":0,"5":0,"6":0,"7":0,"8":0,"9":0,"10":0,"11":0,"12":0,"13":0,"14":0,"15":0,"16":0,"17":0,"18":0,"19":0,"20":0,"21":0,"22":0,"23":0,"24":0,"25":0,"26":0,"27":0,"28":0,"29":0},"b":{"0":[0,0],"1":[0,0],"2":[0,0],"3":[0,0],"4":[0,0],"5":[0,0],"6":[0,0],"7":[0,0],"8":[0,0],"9":[0,0],"10":[0,0],"11":[0,0],"12":[0,0],"13":[0,0],"14":[0,0]},"_coverageSchema":"1a1c01bbd47fc00a2c39e90264f33305004495a9","hash":"729e6dc2602f61e83021a899370d07348659081f"}
,"/home/runner/Backend/app/models/breed.model.js": {"path":"/home/runner/Backend/app/models/breed.model.js","statementMap":{"0":{"start":{"line":1,"column":0},"end":{"line":13,"column":2}},"1":{"start":{"line":2,"column":16},"end":{"line":10,"column":4}},"2":{"start":{"line":12,"column":2},"end":{"line":12,"column":15}}},"fnMap":{"0":{"name":"(anonymous_0)","decl":{"start":{"line":1,"column":17},"end":{"line":1,"column":18}},"loc":{"start":{"line":1,"column":43},"end":{"line":13,"column":1}},"line":1}},"branchMap":{},"s":{"0":1,"1":1,"2":1},"f":{"0":1},"b":{},"_coverageSchema":"1a1c01bbd47fc00a2c39e90264f33305004495a9","hash":"a72127c3660da35a86c727e7eae1d13ff101cff8"}
,"/home/runner/Backend/app/models/cat.model.js": {"path":"/home/runner/Backend/app/models/cat.model.js","statementMap":{"0":{"start":{"line":1,"column":0},"end":{"line":37,"column":2}},"1":{"start":{"line":2,"column":14},"end":{"line":34,"column":4}},"2":{"start":{"line":36,"column":2},"end":{"line":36,"column":13}}},"fnMap":{"0":{"name":"(anonymous_0)","decl":{"start":{"line":1,"column":17},"end":{"line":1,"column":18}},"loc":{"start":{"line":1,"column":43},"end":{"line":37,"column":1}},"line":1}},"branchMap":{},"s":{"0":1,"1":1,"2":1},"f":{"0":1},"b":{},"_coverageSchema":"1a1c01bbd47fc00a2c39e90264f33305004495a9","hash":"3c68ba52966b2c55b6fc0bf40a4cf4a501730ee1"}
,"/home/runner/Backend/app/models/centre.model.js": {"path":"/home/runner/Backend/app/models/centre.model.js","statementMap":{"0":{"start":{"line":1,"column":0},"end":{"line":22,"column":2}},"1":{"start":{"line":2,"column":17},"end":{"line":19,"column":4}},"2":{"start":{"line":21,"column":2},"end":{"line":21,"column":16}}},"fnMap":{"0":{"name":"(anonymous_0)","decl":{"start":{"line":1,"column":17},"end":{"line":1,"column":18}},"loc":{"start":{"line":1,"column":43},"end":{"line":22,"column":1}},"line":1}},"branchMap":{},"s":{"0":1,"1":1,"2":1},"f":{"0":1},"b":{},"_coverageSchema":"1a1c01bbd47fc00a2c39e90264f33305004495a9","hash":"3be8a9b8b62be0ee4e5afd554008f98131765846"}
,"/home/runner/Backend/app/models/index.js": {"path":"/home/runner/Backend/app/models/index.js","statementMap":{"0":{"start":{"line":1,"column":15},"end":{"line":1,"column":48}},"1":{"start":{"line":3,"column":18},"end":{"line":3,"column":38}},"2":{"start":{"line":4,"column":18},"end":{"line":20,"column":1}},"3":{"start":{"line":22,"column":11},"end":{"line":22,"column":13}},"4":{"start":{"line":23,"column":0},"end":{"line":23,"column":25}},"5":{"start":{"line":24,"column":0},"end":{"line":24,"column":25}},"6":{"start":{"line":26,"column":0},"end":{"line":26,"column":67}},"7":{"start":{"line":27,"column":0},"end":{"line":27,"column":67}},"8":{"start":{"line":28,"column":0},"end":{"line":28,"column":58}},"9":{"start":{"line":29,"column":0},"end":{"line":29,"column":71}},"10":{"start":{"line":30,"column":0},"end":{"line":30,"column":69}},"11":{"start":{"line":32,"column":0},"end":{"line":36,"column":3}},"12":{"start":{"line":38,"column":0},"end":{"line":42,"column":3}},"13":{"start":{"line":44,"column":0},"end":{"line":44,"column":42}},"14":{"start":{"line":45,"column":0},"end":{"line":45,"column":20}}},"fnMap":{},"branchMap":{},"s":{"0":1,"1":1,"2":1,"3":1,"4":1,"5":1,"6":1,"7":1,"8":1,"9":1,"10":1,"11":1,"12":1,"13":1,"14":1},"f":{},"b":{},"_coverageSchema":"1a1c01bbd47fc00a2c39e90264f33305004495a9","hash":"9542e517a54f0b0747c6e19b098366aaa01bdb93"}
,"/home/runner/Backend/app/models/role.model.js": {"path":"/home/runner/Backend/app/models/role.model.js","statementMap":{"0":{"start":{"line":1,"column":0},"end":{"line":13,"column":2}},"1":{"start":{"line":2,"column":15},"end":{"line":10,"column":4}},"2":{"start":{"line":12,"column":2},"end":{"line":12,"column":14}}},"fnMap":{"0":{"name":"(anonymous_0)","decl":{"start":{"line":1,"column":17},"end":{"line":1,"column":18}},"loc":{"start":{"line":1,"column":43},"end":{"line":13,"column":1}},"line":1}},"branchMap":{},"s":{"0":1,"1":1,"2":1},"f":{"0":1},"b":{},"_coverageSchema":"1a1c01bbd47fc00a2c39e90264f33305004495a9","hash":"8d151c5e96cf39bae2c5db0a5a6cba2e489da214"}
,"/home/runner/Backend/app/models/user.model.js": {"path":"/home/runner/Backend/app/models/user.model.js","statementMap":{"0":{"start":{"line":1,"column":0},"end":{"line":21,"column":2}},"1":{"start":{"line":2,"column":15},"end":{"line":18,"column":4}},"2":{"start":{"line":20,"column":2},"end":{"line":20,"column":14}}},"fnMap":{"0":{"name":"(anonymous_0)","decl":{"start":{"line":1,"column":17},"end":{"line":1,"column":18}},"loc":{"start":{"line":1,"column":43},"end":{"line":21,"column":1}},"line":1}},"branchMap":{},"s":{"0":1,"1":1,"2":1},"f":{"0":1},"b":{},"_coverageSchema":"1a1c01bbd47fc00a2c39e90264f33305004495a9","hash":"64a28e243a2cc6505d277f9890e70dda1e6e9512"}
}
